2024-04-10 16:03:13.739 [info] Log level: Info
2024-04-10 16:03:13.740 [info] Validating found git in: "git"
2024-04-10 16:03:13.740 [info] Using git "2.20.1" from "git"
2024-04-10 16:03:13.740 [info] > git rev-parse --show-toplevel [4ms]
2024-04-10 16:03:13.741 [info] fatal: not a git repository (or any of the parent directories): .git
2024-04-10 16:03:13.741 [info] > git rev-parse --show-toplevel [7ms]
2024-04-10 16:03:13.741 [info] fatal: not a git repository (or any of the parent directories): .git
2024-04-10 16:03:13.745 [info] > git rev-parse --show-toplevel [6ms]
2024-04-10 16:03:13.745 [info] fatal: not a git repository (or any of the parent directories): .git
2024-04-10 16:03:13.753 [info] > git rev-parse --show-toplevel [3ms]
2024-04-10 16:03:13.754 [info] fatal: not a git repository (or any of the parent directories): .git
2024-04-10 16:03:13.761 [info] > git rev-parse --show-toplevel [2ms]
2024-04-10 16:03:13.762 [info] fatal: not a git repository (or any of the parent directories): .git
2024-04-10 16:03:13.776 [info] > git rev-parse --show-toplevel [8ms]
2024-04-10 16:03:13.776 [info] fatal: not a git repository (or any of the parent directories): .git
2024-04-10 16:03:13.791 [info] > git rev-parse --show-toplevel [6ms]
2024-04-10 16:03:13.792 [info] fatal: not a git repository (or any of the parent directories): .git
2024-04-10 16:03:13.934 [info] > git rev-parse --show-toplevel [118ms]
2024-04-10 16:03:13.935 [info] fatal: not a git repository (or any of the parent directories): .git
2024-04-10 16:03:13.965 [info] > git rev-parse --show-toplevel [7ms]
2024-04-10 16:03:13.965 [info] fatal: not a git repository (or any of the parent directories): .git
2024-04-10 16:03:13.976 [info] > git rev-parse --show-toplevel [4ms]
2024-04-10 16:03:13.976 [info] fatal: not a git repository (or any of the parent directories): .git
2024-04-10 16:03:13.986 [info] > git rev-parse --show-toplevel [4ms]
2024-04-10 16:03:13.987 [info] fatal: not a git repository (or any of the parent directories): .git
2024-04-10 16:41:27.996 [info] > git rev-parse --show-toplevel [4ms]
2024-04-10 16:41:27.997 [info] fatal: not a git repository (or any of the parent directories): .git
2024-04-10 16:41:48.437 [info] > git rev-parse --show-toplevel [4ms]
2024-04-10 16:41:48.438 [info] fatal: not a git repository (or any of the parent directories): .git
2024-04-10 16:48:19.837 [info] > git rev-parse --show-toplevel [2ms]
2024-04-10 16:48:19.837 [info] fatal: not a git repository (or any of the parent directories): .git
2024-04-10 16:48:46.517 [info] > git rev-parse --show-toplevel [3ms]
2024-04-10 16:48:46.518 [info] fatal: not a git repository (or any of the parent directories): .git
2024-04-10 16:49:24.038 [info] > git rev-parse --show-toplevel [2ms]
2024-04-10 16:49:24.039 [info] fatal: not a git repository (or any of the parent directories): .git
2024-04-10 16:51:07.946 [info] > git rev-parse --show-toplevel [5ms]
2024-04-10 16:51:07.947 [info] fatal: not a git repository (or any of the parent directories): .git
2024-04-10 16:52:24.308 [info] > git rev-parse --show-toplevel [3ms]
2024-04-10 16:52:24.308 [info] fatal: not a git repository (or any of the parent directories): .git
2024-04-10 16:52:28.103 [info] > git rev-parse --show-toplevel [4ms]
2024-04-10 16:52:28.104 [info] fatal: not a git repository (or any of the parent directories): .git
2024-04-10 16:52:33.656 [info] > git rev-parse --show-toplevel [2ms]
2024-04-10 16:52:33.656 [info] fatal: not a git repository (or any of the parent directories): .git
2024-04-10 17:10:53.434 [info] > git rev-parse --show-toplevel [3ms]
2024-04-10 17:10:53.435 [info] fatal: not a git repository (or any of the parent directories): .git
2024-04-10 17:10:55.345 [info] > git rev-parse --show-toplevel [2ms]
2024-04-10 17:10:55.345 [info] fatal: not a git repository (or any of the parent directories): .git
2024-04-10 17:22:56.899 [info] > git rev-parse --show-toplevel [3ms]
2024-04-10 17:22:56.900 [info] fatal: not a git repository (or any of the parent directories): .git
2024-04-10 17:24:34.695 [info] > git rev-parse --show-toplevel [3ms]
2024-04-10 17:24:34.696 [info] fatal: not a git repository (or any of the parent directories): .git
2024-04-10 17:24:35.710 [info] > git rev-parse --show-toplevel [4ms]
2024-04-10 17:24:35.711 [info] fatal: not a git repository (or any of the parent directories): .git
2024-04-10 17:24:39.612 [info] > git rev-parse --show-toplevel [2ms]
2024-04-10 17:24:39.613 [info] fatal: not a git repository (or any of the parent directories): .git
2024-04-10 17:24:44.848 [info] > git rev-parse --show-toplevel [10ms]
2024-04-10 17:24:44.848 [info] fatal: not a git repository (or any of the parent directories): .git
2024-04-10 17:24:52.599 [info] > git rev-parse --show-toplevel [2ms]
2024-04-10 17:24:52.600 [info] fatal: not a git repository (or any of the parent directories): .git
2024-04-10 17:25:14.568 [info] > git rev-parse --show-toplevel [2ms]
2024-04-10 17:25:14.569 [info] fatal: not a git repository (or any of the parent directories): .git
2024-04-10 17:26:42.736 [info] > git rev-parse --show-toplevel [3ms]
2024-04-10 17:26:42.737 [info] fatal: not a git repository (or any of the parent directories): .git
2024-04-10 17:27:12.692 [info] > git rev-parse --show-toplevel [3ms]
2024-04-10 17:27:12.693 [info] fatal: not a git repository (or any of the parent directories): .git
2024-04-10 17:27:33.750 [info] > git rev-parse --show-toplevel [6ms]
2024-04-10 17:27:33.750 [info] fatal: not a git repository (or any of the parent directories): .git
2024-04-10 17:27:38.111 [info] > git rev-parse --show-toplevel [3ms]
2024-04-10 17:27:38.112 [info] fatal: not a git repository (or any of the parent directories): .git
2024-04-10 17:27:49.627 [info] > git rev-parse --show-toplevel [2ms]
2024-04-10 17:27:49.628 [info] fatal: not a git repository (or any of the parent directories): .git
2024-04-10 17:28:05.247 [info] > git rev-parse --show-toplevel [3ms]
2024-04-10 17:28:05.247 [info] fatal: not a git repository (or any of the parent directories): .git
2024-04-10 17:28:08.490 [info] > git rev-parse --show-toplevel [6ms]
2024-04-10 17:28:08.491 [info] fatal: not a git repository (or any of the parent directories): .git
2024-04-10 17:28:31.417 [info] > git rev-parse --show-toplevel [2ms]
2024-04-10 17:28:31.417 [info] fatal: not a git repository (or any of the parent directories): .git
2024-04-10 17:28:32.642 [info] > git rev-parse --show-toplevel [2ms]
2024-04-10 17:28:32.642 [info] fatal: not a git repository (or any of the parent directories): .git
2024-04-10 17:28:34.108 [info] > git rev-parse --show-toplevel [8ms]
2024-04-10 17:28:34.109 [info] fatal: not a git repository (or any of the parent directories): .git
2024-04-10 17:28:41.760 [info] > git rev-parse --show-toplevel [3ms]
2024-04-10 17:28:41.761 [info] fatal: not a git repository (or any of the parent directories): .git
2024-04-10 17:28:48.217 [info] > git rev-parse --show-toplevel [3ms]
2024-04-10 17:28:48.218 [info] fatal: not a git repository (or any of the parent directories): .git
2024-04-10 17:28:51.322 [info] > git rev-parse --show-toplevel [3ms]
2024-04-10 17:28:51.322 [info] fatal: not a git repository (or any of the parent directories): .git
2024-04-10 17:28:52.913 [info] > git rev-parse --show-toplevel [3ms]
2024-04-10 17:28:52.913 [info] fatal: not a git repository (or any of the parent directories): .git
2024-04-10 17:29:00.184 [info] > git rev-parse --show-toplevel [2ms]
2024-04-10 17:29:00.185 [info] fatal: not a git repository (or any of the parent directories): .git
2024-04-10 17:29:03.105 [info] > git rev-parse --show-toplevel [3ms]
2024-04-10 17:29:03.105 [info] fatal: not a git repository (or any of the parent directories): .git
2024-04-10 17:29:11.721 [info] > git rev-parse --show-toplevel [2ms]
2024-04-10 17:29:11.721 [info] fatal: not a git repository (or any of the parent directories): .git
2024-04-10 17:29:13.301 [info] > git rev-parse --show-toplevel [3ms]
2024-04-10 17:29:13.302 [info] fatal: not a git repository (or any of the parent directories): .git
2024-04-10 17:29:15.197 [info] > git rev-parse --show-toplevel [3ms]
2024-04-10 17:29:15.197 [info] fatal: not a git repository (or any of the parent directories): .git
2024-04-10 17:29:28.478 [info] > git rev-parse --show-toplevel [4ms]
2024-04-10 17:29:28.479 [info] fatal: not a git repository (or any of the parent directories): .git
2024-04-10 17:29:30.412 [info] > git rev-parse --show-toplevel [3ms]
2024-04-10 17:29:30.412 [info] fatal: not a git repository (or any of the parent directories): .git
2024-04-10 17:29:39.228 [info] > git rev-parse --show-toplevel [2ms]
2024-04-10 17:29:39.228 [info] fatal: not a git repository (or any of the parent directories): .git
2024-04-10 17:29:43.352 [info] > git rev-parse --show-toplevel [3ms]
2024-04-10 17:29:43.352 [info] fatal: not a git repository (or any of the parent directories): .git
2024-04-10 17:29:51.367 [info] > git rev-parse --show-toplevel [2ms]
2024-04-10 17:29:51.367 [info] fatal: not a git repository (or any of the parent directories): .git
2024-04-10 17:30:12.844 [info] > git rev-parse --show-toplevel [4ms]
2024-04-10 17:30:12.845 [info] fatal: not a git repository (or any of the parent directories): .git
2024-04-10 17:30:18.893 [info] > git rev-parse --show-toplevel [3ms]
2024-04-10 17:30:18.893 [info] fatal: not a git repository (or any of the parent directories): .git
2024-04-10 17:41:24.976 [info] > git rev-parse --show-toplevel [3ms]
2024-04-10 17:41:24.978 [info] fatal: not a git repository (or any of the parent directories): .git
2024-04-10 17:41:29.512 [info] > git rev-parse --show-toplevel [3ms]
2024-04-10 17:41:29.512 [info] fatal: not a git repository (or any of the parent directories): .git
2024-04-10 18:04:12.646 [info] > git rev-parse --show-toplevel [5ms]
2024-04-10 18:04:12.647 [info] fatal: not a git repository (or any of the parent directories): .git
2024-04-10 18:04:18.208 [info] > git rev-parse --show-toplevel [3ms]
2024-04-10 18:04:18.208 [info] fatal: not a git repository (or any of the parent directories): .git
2024-04-10 18:04:27.124 [info] > git rev-parse --show-toplevel [3ms]
2024-04-10 18:04:27.124 [info] fatal: not a git repository (or any of the parent directories): .git
2024-04-10 18:04:30.067 [info] > git rev-parse --show-toplevel [5ms]
2024-04-10 18:04:30.067 [info] fatal: not a git repository (or any of the parent directories): .git
2024-04-10 18:21:17.637 [info] > git rev-parse --show-toplevel [3ms]
2024-04-10 18:21:17.638 [info] fatal: not a git repository (or any of the parent directories): .git
2024-04-10 18:21:22.955 [info] > git rev-parse --show-toplevel [2ms]
2024-04-10 18:21:22.955 [info] fatal: not a git repository (or any of the parent directories): .git
2024-04-10 18:25:04.887 [info] > git rev-parse --show-toplevel [3ms]
2024-04-10 18:25:04.888 [info] fatal: not a git repository (or any of the parent directories): .git
2024-04-10 18:25:07.272 [info] > git rev-parse --show-toplevel [1ms]
2024-04-10 18:25:07.273 [info] fatal: not a git repository (or any of the parent directories): .git
2024-04-10 18:25:09.665 [info] > git rev-parse --show-toplevel [4ms]
2024-04-10 18:25:09.666 [info] fatal: not a git repository (or any of the parent directories): .git
2024-04-10 18:25:22.634 [info] > git rev-parse --show-toplevel [4ms]
2024-04-10 18:25:22.634 [info] fatal: not a git repository (or any of the parent directories): .git
2024-04-10 18:25:48.805 [info] > git rev-parse --show-toplevel [2ms]
2024-04-10 18:25:48.806 [info] fatal: not a git repository (or any of the parent directories): .git
2024-04-10 18:31:15.846 [info] > git rev-parse --show-toplevel [3ms]
2024-04-10 18:31:15.846 [info] fatal: not a git repository (or any of the parent directories): .git
2024-04-10 18:31:21.349 [info] > git rev-parse --show-toplevel [4ms]
2024-04-10 18:31:21.349 [info] fatal: not a git repository (or any of the parent directories): .git
